<?xml version="1.0" encoding="utf-8"?><testsuites name="pytest tests"><testsuite name="pytest" errors="0" failures="0" skipped="0" tests="14" time="11.635" timestamp="2026-03-17T20:44:21.077784+00:00" hostname="agent-env-d70f62b2-a3b4-455e-844f-dfbddd34df17"><testcase classname="tests.test_backend_api.TestHealth" name="test_health_check" time="0.601" /><testcase classname="tests.test_backend_api.TestAuth" name="test_login_existing_user" time="0.697" /><testcase classname="tests.test_backend_api.TestAuth" name="test_login_invalid_credentials" time="0.532" /><testcase classname="tests.test_backend_api.TestAuth" name="test_register_new_user" time="1.285" /><testcase classname="tests.test_backend_api.TestAuth" name="test_register_duplicate_email" time="0.554" /><testcase classname="tests.test_backend_api.TestAuth" name="test_get_user_info" time="1.023" /><testcase classname="tests.test_backend_api.TestAuth" name="test_get_user_info_no_token" time="0.456" /><testcase classname="tests.test_backend_api.TestAuth" name="test_update_language" time="1.777" /><testcase classname="tests.test_backend_api.TestAnalyses" name="test_get_analyses_empty_for_new_user" time="1.007" /><testcase classname="tests.test_backend_api.TestAnalyses" name="test_get_analyses_requires_auth" time="0.438" /><testcase classname="tests.test_backend_api.TestProgress" name="test_get_progress_zero_for_new_user" time="1.059" /><testcase classname="tests.test_backend_api.TestProgress" name="test_get_progress_requires_auth" time="0.409" /><testcase classname="tests.test_backend_api.TestTips" name="test_get_tips_default_for_new_user" time="1.164" /><testcase classname="tests.test_backend_api.TestTips" name="test_get_tips_requires_auth" time="0.577" /></testsuite></testsuites>